2024-06-13 12:35:42,772 - elsapy.elsclient - INFO - Module loaded.
2024-06-13 12:35:44,395 - elsapy.utils - INFO - Module loaded.
2024-06-13 12:35:44,395 - elsapy.elssearch - INFO - Module loaded.
2024-06-13 12:35:44,395 - elsapy.elsentity - INFO - Module loaded.
2024-06-13 12:35:44,395 - elsapy.elsprofile - INFO - Module loaded.
2024-06-13 12:35:44,395 - elsapy.elsdoc - INFO - Module loaded.
2024-06-13 12:35:55,859 - elsapy.elsclient - INFO - Module loaded.
2024-06-13 12:35:56,655 - elsapy.utils - INFO - Module loaded.
2024-06-13 12:35:56,655 - elsapy.elssearch - INFO - Module loaded.
2024-06-13 12:35:56,655 - elsapy.elsentity - INFO - Module loaded.
2024-06-13 12:35:56,655 - elsapy.elsprofile - INFO - Module loaded.
2024-06-13 12:35:56,655 - elsapy.elsdoc - INFO - Module loaded.
2024-06-13 12:35:56,860 - elsapy.elsclient - INFO - Sending GET request to https://api.elsevier.com/content/search/scopus?query=TITLE-ABS-KEY%28%22Covid-19%22%29
2024-06-13 12:35:58,503 - elsapy.utils - INFO - Converting prism:coverDate
2024-06-13 12:35:59,458 - elsapy.elsclient - INFO - Sending GET request to https://api.elsevier.com/content/search/scopus?query=TITLE-ABS-KEY%28%22artificial+intelligence%22%29
2024-06-13 12:36:01,202 - elsapy.utils - INFO - Converting prism:coverDate
2024-06-13 12:36:02,191 - elsapy.elsclient - INFO - Sending GET request to https://api.elsevier.com/content/search/scopus?query=TITLE-ABS-KEY%28%22artificial+intelligence%22%29
2024-06-13 12:36:03,624 - elsapy.utils - INFO - Converting prism:coverDate
2024-06-13 12:36:04,616 - elsapy.elsclient - INFO - Sending GET request to https://api.elsevier.com/content/search/scopus?query=TITLE-ABS-KEY%28%22artificial+intelligence%22%29
2024-06-13 12:36:05,989 - elsapy.utils - INFO - Converting prism:coverDate
2024-06-13 12:36:06,974 - elsapy.elsclient - INFO - Sending GET request to https://api.elsevier.com/content/search/scopus?query=TITLE-ABS-KEY%28%22artificial+intelligence%22%29
2024-06-13 12:36:08,303 - elsapy.utils - INFO - Converting prism:coverDate
2024-06-13 12:36:09,304 - elsapy.elsclient - INFO - Sending GET request to https://api.elsevier.com/content/search/scopus?query=TITLE-ABS-KEY%28%22machine+learning%22%29
2024-06-13 12:36:11,152 - elsapy.utils - INFO - Converting prism:coverDate
2024-06-13 12:36:12,146 - elsapy.elsclient - INFO - Sending GET request to https://api.elsevier.com/content/search/scopus?query=TITLE-ABS-KEY%28%22machine+learning%22%29
2024-06-13 12:36:13,891 - elsapy.utils - INFO - Converting prism:coverDate
2024-06-13 12:36:14,872 - elsapy.elsclient - INFO - Sending GET request to https://api.elsevier.com/content/search/scopus?query=TITLE-ABS-KEY%28%22machine+learning%22%29
2024-06-13 12:36:16,298 - elsapy.utils - INFO - Converting prism:coverDate
2024-06-13 12:36:17,272 - elsapy.elsclient - INFO - Sending GET request to https://api.elsevier.com/content/search/scopus?query=TITLE-ABS-KEY%28%22machine+learning%22%29
2024-06-13 12:36:18,781 - elsapy.utils - INFO - Converting prism:coverDate
2024-06-13 12:36:19,759 - elsapy.elsclient - INFO - Sending GET request to https://api.elsevier.com/content/search/scopus?query=TITLE-ABS-KEY%28%22data+science%22%29
2024-06-13 12:36:21,428 - elsapy.utils - INFO - Converting prism:coverDate
2024-06-13 12:36:22,409 - elsapy.elsclient - INFO - Sending GET request to https://api.elsevier.com/content/search/scopus?query=TITLE-ABS-KEY%28%22data+science%22%29
2024-06-13 12:36:23,863 - elsapy.utils - INFO - Converting prism:coverDate
2024-06-13 12:36:24,857 - elsapy.elsclient - INFO - Sending GET request to https://api.elsevier.com/content/search/scopus?query=TITLE-ABS-KEY%28%22data+science%22%29
2024-06-13 12:36:26,313 - elsapy.utils - INFO - Converting prism:coverDate
2024-06-13 12:36:27,307 - elsapy.elsclient - INFO - Sending GET request to https://api.elsevier.com/content/search/scopus?query=TITLE-ABS-KEY%28%22data+science%22%29
2024-06-13 12:36:28,949 - elsapy.utils - INFO - Converting prism:coverDate
2024-06-13 12:36:29,931 - elsapy.elsclient - INFO - Sending GET request to https://api.elsevier.com/content/search/scopus?query=TITLE-ABS-KEY%28%22natural+language+processing%22%29
2024-06-13 12:36:31,488 - elsapy.utils - INFO - Converting prism:coverDate
2024-06-13 12:36:32,481 - elsapy.elsclient - INFO - Sending GET request to https://api.elsevier.com/content/search/scopus?query=TITLE-ABS-KEY%28%22natural+language+processing%22%29
2024-06-13 12:36:33,867 - elsapy.utils - INFO - Converting prism:coverDate
2024-06-13 12:36:34,866 - elsapy.elsclient - INFO - Sending GET request to https://api.elsevier.com/content/search/scopus?query=TITLE-ABS-KEY%28%22natural+language+processing%22%29
2024-06-13 12:36:36,403 - elsapy.utils - INFO - Converting prism:coverDate
2024-06-13 12:36:37,391 - elsapy.elsclient - INFO - Sending GET request to https://api.elsevier.com/content/search/scopus?query=TITLE-ABS-KEY%28%22natural+language+processing%22%29
2024-06-13 12:36:38,887 - elsapy.utils - INFO - Converting prism:coverDate
2024-06-13 12:36:39,883 - elsapy.elsclient - INFO - Sending GET request to https://api.elsevier.com/content/search/scopus?query=TITLE-ABS-KEY%28%22computer+vision%22%29
2024-06-13 12:36:41,650 - elsapy.utils - INFO - Converting prism:coverDate
2024-06-13 12:36:42,641 - elsapy.elsclient - INFO - Sending GET request to https://api.elsevier.com/content/search/scopus?query=TITLE-ABS-KEY%28%22computer+vision%22%29
2024-06-13 12:36:44,132 - elsapy.utils - INFO - Converting prism:coverDate
2024-06-13 12:36:45,117 - elsapy.elsclient - INFO - Sending GET request to https://api.elsevier.com/content/search/scopus?query=TITLE-ABS-KEY%28%22computer+vision%22%29
2024-06-13 12:36:46,899 - elsapy.utils - INFO - Converting prism:coverDate
2024-06-13 12:36:47,892 - elsapy.elsclient - INFO - Sending GET request to https://api.elsevier.com/content/search/scopus?query=TITLE-ABS-KEY%28%22computer+vision%22%29
2024-06-13 12:36:49,405 - elsapy.utils - INFO - Converting prism:coverDate
